C:\USERS\BRUNO\DOCUMENTS\VISUAL STUDIO 2012\PROJECTS\FROGGER\ASSIGNMENT2\DEBUG\DYNAMICOBJECT.OBJ
C:\USERS\BRUNO\DOCUMENTS\VISUAL STUDIO 2012\PROJECTS\FROGGER\ASSIGNMENT2\DEBUG\ENTITY.OBJ
C:\USERS\BRUNO\DOCUMENTS\VISUAL STUDIO 2012\PROJECTS\FROGGER\ASSIGNMENT2\DEBUG\FROG.OBJ
C:\USERS\BRUNO\DOCUMENTS\VISUAL STUDIO 2012\PROJECTS\FROGGER\ASSIGNMENT2\DEBUG\GAMEMANAGER.OBJ
C:\USERS\BRUNO\DOCUMENTS\VISUAL STUDIO 2012\PROJECTS\FROGGER\ASSIGNMENT2\DEBUG\GAMEOBJECT.OBJ
C:\USERS\BRUNO\DOCUMENTS\VISUAL STUDIO 2012\PROJECTS\FROGGER\ASSIGNMENT2\DEBUG\LIGHTSOURCE.OBJ
C:\USERS\BRUNO\DOCUMENTS\VISUAL STUDIO 2012\PROJECTS\FROGGER\ASSIGNMENT2\DEBUG\MAIN.OBJ
C:\USERS\BRUNO\DOCUMENTS\VISUAL STUDIO 2012\PROJECTS\FROGGER\ASSIGNMENT2\DEBUG\ORTHOGONALCAMERA.OBJ
C:\USERS\BRUNO\DOCUMENTS\VISUAL STUDIO 2012\PROJECTS\FROGGER\ASSIGNMENT2\DEBUG\PERPECTIVECAMERA.OBJ
C:\USERS\BRUNO\DOCUMENTS\VISUAL STUDIO 2012\PROJECTS\FROGGER\ASSIGNMENT2\DEBUG\RIVER.OBJ
C:\USERS\BRUNO\DOCUMENTS\VISUAL STUDIO 2012\PROJECTS\FROGGER\ASSIGNMENT2\DEBUG\RIVERSIDE.OBJ
C:\USERS\BRUNO\DOCUMENTS\VISUAL STUDIO 2012\PROJECTS\FROGGER\ASSIGNMENT2\DEBUG\ROAD.OBJ
C:\USERS\BRUNO\DOCUMENTS\VISUAL STUDIO 2012\PROJECTS\FROGGER\ASSIGNMENT2\DEBUG\ROADSIDE.OBJ
C:\USERS\BRUNO\DOCUMENTS\VISUAL STUDIO 2012\PROJECTS\FROGGER\ASSIGNMENT2\DEBUG\STATICOBJECT.OBJ
C:\USERS\BRUNO\DOCUMENTS\VISUAL STUDIO 2012\PROJECTS\FROGGER\ASSIGNMENT2\DEBUG\TIMBERLOG.OBJ
C:\USERS\BRUNO\DOCUMENTS\VISUAL STUDIO 2012\PROJECTS\FROGGER\ASSIGNMENT2\DEBUG\TURTLE.OBJ
C:\USERS\BRUNO\DOCUMENTS\VISUAL STUDIO 2012\PROJECTS\FROGGER\ASSIGNMENT2\DEBUG\VECTOR3.OBJ
C:\USERS\BRUNO\DOCUMENTS\VISUAL STUDIO 2012\PROJECTS\FROGGER\ASSIGNMENT2\DEBUG\VECTOR4.OBJ
C:\USERS\BRUNO\DOCUMENTS\VISUAL STUDIO 2012\PROJECTS\FROGGER\ASSIGNMENT2\DEBUG\VSMATHLIB.OBJ
C:\USERS\BRUNO\DOCUMENTS\VISUAL STUDIO 2012\PROJECTS\FROGGER\ASSIGNMENT2\DEBUG\VSSHADERLIB.OBJ
C:\USERS\BRUNO\DOCUMENTS\VISUAL STUDIO 2012\PROJECTS\FROGGER\ASSIGNMENT2\DEBUG\BUS.OBJ
C:\USERS\BRUNO\DOCUMENTS\VISUAL STUDIO 2012\PROJECTS\FROGGER\ASSIGNMENT2\DEBUG\CAMERA.OBJ
C:\USERS\BRUNO\DOCUMENTS\VISUAL STUDIO 2012\PROJECTS\FROGGER\ASSIGNMENT2\DEBUG\CAR.OBJ
C:\USERS\BRUNO\DOCUMENTS\VISUAL STUDIO 2012\PROJECTS\FROGGER\ASSIGNMENT2\DEBUG\VC110.PDB
C:\USERS\BRUNO\DOCUMENTS\VISUAL STUDIO 2012\PROJECTS\FROGGER\ASSIGNMENT2\DEBUG\FROGGER.ILK
C:\USERS\BRUNO\DOCUMENTS\VISUAL STUDIO 2012\PROJECTS\FROGGER\ASSIGNMENT2\DEBUG\FROGGER.EXE
C:\USERS\BRUNO\DOCUMENTS\VISUAL STUDIO 2012\PROJECTS\FROGGER\ASSIGNMENT2\DEBUG\FROGGER.PDB
C:\Users\Bruno\Documents\Visual Studio 2012\Projects\Frogger\Assignment2\Debug\Bus.obj
C:\Users\Bruno\Documents\Visual Studio 2012\Projects\Frogger\Assignment2\Debug\Camera.obj
C:\Users\Bruno\Documents\Visual Studio 2012\Projects\Frogger\Assignment2\Debug\Car.obj
C:\Users\Bruno\Documents\Visual Studio 2012\Projects\Frogger\Assignment2\Debug\DynamicObject.obj
C:\Users\Bruno\Documents\Visual Studio 2012\Projects\Frogger\Assignment2\Debug\Entity.obj
C:\Users\Bruno\Documents\Visual Studio 2012\Projects\Frogger\Assignment2\Debug\Frog.obj
C:\Users\Bruno\Documents\Visual Studio 2012\Projects\Frogger\Assignment2\Debug\GameManager.obj
C:\Users\Bruno\Documents\Visual Studio 2012\Projects\Frogger\Assignment2\Debug\GameObject.obj
C:\Users\Bruno\Documents\Visual Studio 2012\Projects\Frogger\Assignment2\Debug\LightSource.obj
C:\Users\Bruno\Documents\Visual Studio 2012\Projects\Frogger\Assignment2\Debug\Main.obj
C:\Users\Bruno\Documents\Visual Studio 2012\Projects\Frogger\Assignment2\Debug\OrthogonalCamera.obj
C:\Users\Bruno\Documents\Visual Studio 2012\Projects\Frogger\Assignment2\Debug\PerpectiveCamera.obj
C:\Users\Bruno\Documents\Visual Studio 2012\Projects\Frogger\Assignment2\Debug\River.obj
C:\Users\Bruno\Documents\Visual Studio 2012\Projects\Frogger\Assignment2\Debug\RiverSide.obj
C:\Users\Bruno\Documents\Visual Studio 2012\Projects\Frogger\Assignment2\Debug\Road.obj
C:\Users\Bruno\Documents\Visual Studio 2012\Projects\Frogger\Assignment2\Debug\RoadSide.obj
C:\Users\Bruno\Documents\Visual Studio 2012\Projects\Frogger\Assignment2\Debug\StaticObject.obj
C:\Users\Bruno\Documents\Visual Studio 2012\Projects\Frogger\Assignment2\Debug\Timberlog.obj
C:\Users\Bruno\Documents\Visual Studio 2012\Projects\Frogger\Assignment2\Debug\Turtle.obj
C:\Users\Bruno\Documents\Visual Studio 2012\Projects\Frogger\Assignment2\Debug\Vector3.obj
C:\Users\Bruno\Documents\Visual Studio 2012\Projects\Frogger\Assignment2\Debug\Vector4.obj
C:\Users\Bruno\Documents\Visual Studio 2012\Projects\Frogger\Assignment2\Debug\vsMathLib.obj
C:\Users\Bruno\Documents\Visual Studio 2012\Projects\Frogger\Assignment2\Debug\vsShaderLib.obj
C:\Users\Bruno\Documents\Visual Studio 2012\Projects\Frogger\Assignment2\Debug\Frogger.ilk
C:\Users\Bruno\Documents\Visual Studio 2012\Projects\Frogger\Assignment2\Debug\cl.command.1.tlog
C:\Users\Bruno\Documents\Visual Studio 2012\Projects\Frogger\Assignment2\Debug\CL.read.1.tlog
C:\Users\Bruno\Documents\Visual Studio 2012\Projects\Frogger\Assignment2\Debug\CL.write.1.tlog
C:\Users\Bruno\Documents\Visual Studio 2012\Projects\Frogger\Assignment2\Debug\link-cvtres.read.1.tlog
C:\Users\Bruno\Documents\Visual Studio 2012\Projects\Frogger\Assignment2\Debug\link-cvtres.write.1.tlog
C:\Users\Bruno\Documents\Visual Studio 2012\Projects\Frogger\Assignment2\Debug\link-rc.read.1.tlog
C:\Users\Bruno\Documents\Visual Studio 2012\Projects\Frogger\Assignment2\Debug\link-rc.write.1.tlog
C:\Users\Bruno\Documents\Visual Studio 2012\Projects\Frogger\Assignment2\Debug\link.command.1.tlog
C:\Users\Bruno\Documents\Visual Studio 2012\Projects\Frogger\Assignment2\Debug\link.read.1.tlog
C:\Users\Bruno\Documents\Visual Studio 2012\Projects\Frogger\Assignment2\Debug\link.write.1.tlog
C:\Users\Bruno\Documents\Visual Studio 2012\Projects\Frogger\Assignment2\Debug\vc110.idb
C:\Users\Bruno\Documents\Visual Studio 2012\Projects\Frogger\Assignment2\Debug\Frogger.pdb
C:\Users\Bruno\Documents\Visual Studio 2012\Projects\Frogger\Assignment2\Debug\vc110.pdb
C:\Users\Bruno\Documents\Visual Studio 2012\Projects\Frogger\Assignment2\Debug\Frogger.exe
